*** Reader-Writer Problem Simulation ***
Number of reader threads: 1
Number of writer threads: 10
writer 0 is writing ...
reader 0 is reading ... content : All work and no play makes Jack a dull boy
writer 4 is writing ...
reader 0 is reading ... content : All work and no play makes Jack a dull bo
writer 2 is writing ...
reader 0 is reading ... content : All work and no play makes Jack a dull b
writer 2 is writing ...
reader 0 is reading ... content : All work and no play makes Jack a dull 
writer 5 is writing ...
reader 0 is reading ... content : All work and no play makes Jack a dull
writer 1 is writing ...
reader 0 is reading ... content : All work and no play makes Jack a dul
writer 1 is writing ...
reader 0 is reading ... content : All work and no play makes Jack a du
writer 7 is writing ...
reader 0 is reading ... content : All work and no play makes Jack a d
writer 8 is writing ...
reader 0 is reading ... content : All work and no play makes Jack a 
writer 8 is writing ...
reader 0 is reading ... content : All work and no play makes Jack a
writer 0 is writing ...
reader 0 is reading ... content : All work and no play makes Jack 
writer 0 is writing ...
reader 0 is reading ... content : All work and no play makes Jack
writer 3 is writing ...
reader 0 is reading ... content : All work and no play makes Jac
writer 2 is writing ...
reader 0 is reading ... content : All work and no play makes Ja
writer 5 is writing ...
reader 0 is reading ... content : All work and no play makes J
writer 6 is writing ...
reader 0 is reading ... content : All work and no play makes 
writer 3 is writing ...
reader 0 is reading ... content : All work and no play makes
writer 0 is writing ...
reader 0 is reading ... content : All work and no play make
writer 7 is writing ...
reader 0 is reading ... content : All work and no play mak
writer 8 is writing ...
reader 0 is reading ... content : All work and no play ma
writer 5 is writing ...
reader 0 is reading ... content : All work and no play m
writer 2 is writing ...
reader 0 is reading ... content : All work and no play 
writer 4 is writing ...
reader 0 is reading ... content : All work and no play
writer 9 is writing ...
reader 0 is reading ... content : All work and no pla
writer 9 is writing ...
reader 0 is reading ... content : All work and no pl
writer 6 is writing ...
reader 0 is reading ... content : All work and no p
writer 3 is writing ...
reader 0 is reading ... content : All work and no 
writer 0 is writing ...
reader 0 is reading ... content : All work and no
writer 7 is writing ...
reader 0 is reading ... content : All work and n
writer 8 is writing ...
reader 0 is reading ... content : All work and 
writer 5 is writing ...
reader 0 is reading ... content : All work and
writer 2 is writing ...
reader 0 is reading ... content : All work an
writer 4 is writing ...
reader 0 is reading ... content : All work a
writer 4 is writing ...
reader 0 is reading ... content : All work 
writer 9 is writing ...
reader 0 is reading ... content : All work
writer 6 is writing ...
reader 0 is reading ... content : All wor
writer 3 is writing ...
reader 0 is reading ... content : All wo
writer 0 is writing ...
reader 0 is reading ... content : All w
writer 0 is writing ...
reader 0 is reading ... content : All 
writer 8 is writing ...
reader 0 is reading ... content : All
writer 5 is writing ...
reader 0 is reading ... content : Al
writer 2 is writing ...
reader 0 is reading ... content : A
writer 1 is writing ...
reader 0 is exiting ...
writer 1 is exiting ...
There are still 9 writers waiting on the semaphore...
writer 9 is exiting ...
writer 6 is exiting ...
writer 0 is exiting ...
writer 7 is exiting ...
writer 4 is exiting ...
writer 3 is exiting ...
writer 8 is exiting ...
writer 5 is exiting ...
writer 2 is exiting ...
All threads are done. 
Resources cleaned up. 
